<html>
<body>
<pre>
<h1>Vision Build Log</h1>
<h2>Project:</h2>
C:\Users\Administrator\Desktop\嵌入式\BOOKS\格式工程\main.uvproj
Project File Date:  04/22/2022

<h2>Output:</h2>
Build target 'Target 1'
Target has no object modules
Target not created
Build target 'Target 1'
compiling main.c...
MAIN.C(3): error C129: missing ';' before 'unsigned'
Target not created
Build target 'Target 1'
compiling main.c...
MAIN.C(3): error C129: missing ';' before 'unsigned'
Target not created
Build target 'Target 1'
compiling main.c...
MAIN.C(3): error C129: missing ';' before 'unsigned'
Target not created
Build target 'Target 1'
compiling main.c...
MAIN.C(3): error C129: missing ';' before 'unsigned'
Target not created
Build target 'Target 1'
compiling main.c...
linking...
Program Size: data=26.0 xdata=0 code=195
"main" - 0 Error(s), 0 Warning(s).
Build target 'Target 1'
compiling main.c...
linking...
Program Size: data=26.0 xdata=0 code=195
"main" - 0 Error(s), 0 Warning(s).
Build target 'Target 1'
compiling main.c...
linking...
Program Size: data=26.0 xdata=0 code=224
"main" - 0 Error(s), 0 Warning(s).
Build target 'Target 1'
linking...
Program Size: data=26.0 xdata=0 code=224
"main" - 0 Error(s), 0 Warning(s).
Build target 'Target 1'
linking...
Program Size: data=26.0 xdata=0 code=224
creating hex file from "main"...
"main" - 0 Error(s), 0 Warning(s).
Build target 'Target 1'
compiling main.c...
linking...
Program Size: data=28.0 xdata=0 code=226
creating hex file from "main"...
"main" - 0 Error(s), 0 Warning(s).
Build target 'Target 1'
compiling main.c...
linking...
Program Size: data=28.0 xdata=0 code=226
creating hex file from "main"...
"main" - 0 Error(s), 0 Warning(s).
Build target 'Target 1'
compiling main.c...
linking...
Program Size: data=28.0 xdata=0 code=226
creating hex file from "main"...
"main" - 0 Error(s), 0 Warning(s).
Build target 'Target 1'
compiling main.c...
linking...
Program Size: data=28.0 xdata=0 code=226
creating hex file from "main"...
"main" - 0 Error(s), 0 Warning(s).
Build target 'Target 1'
compiling main.c...
linking...
Program Size: data=28.0 xdata=0 code=226
creating hex file from "main"...
"main" - 0 Error(s), 0 Warning(s).
Build target 'Target 1'
compiling main.c...
MAIN.C(35): warning C206: 'delay': missing function-prototype
MAIN.C(35): error C267: 'delay': requires ANSI-style prototype
MAIN.C(38): error C141: syntax error near 'if'
Target not created
Build target 'Target 1'
compiling main.c...
MAIN.C(38): error C141: syntax error near 'if'
Target not created
Build target 'Target 1'
compiling main.c...
linking...
Program Size: data=27.0 xdata=0 code=222
creating hex file from "main"...
"main" - 0 Error(s), 0 Warning(s).
